The system cannot find the file \" "\.
[2026-03-08T22:15:48.172Z] supervisor: started server pid=39668
Pixel city server running on http://localhost:3000
[2026-03-08T22:16:15.175Z] supervisor: server exited pid=39668 code=4294967295 signal=null
[2026-03-08T22:16:16.196Z] supervisor: started server pid=39348
Pixel city server running on http://localhost:3000
[2026-03-08T22:38:28.735Z] supervisor: server exited pid=39348 code=4294967295 signal=null
[2026-03-08T22:38:29.758Z] supervisor: started server pid=34596
Pixel city server running on http://localhost:3000
[2026-03-08T22:49:52.444Z] supervisor: server exited pid=34596 code=4294967295 signal=null
[2026-03-08T22:49:53.465Z] supervisor: started server pid=28980
Pixel city server running on http://localhost:3000
[2026-03-08T22:58:50.553Z] supervisor: server exited pid=28980 code=4294967295 signal=null
[2026-03-08T22:58:51.587Z] supervisor: started server pid=13012
Pixel city server running on http://localhost:3000
[2026-03-08T23:05:09.073Z] supervisor: server exited pid=13012 code=3221225786 signal=null
[2026-03-08T23:05:10.101Z] supervisor: started server pid=35368
Pixel city server running on http://localhost:3000
[2026-03-08T23:07:12.406Z] supervisor: server exited pid=35368 code=4294967295 signal=null
[2026-03-08T23:07:13.427Z] supervisor: started server pid=39360
Pixel city server running on http://localhost:3000
[2026-03-09T06:58:26.489Z] supervisor: server exited pid=39360 code=4294967295 signal=null
[2026-03-09T06:58:27.505Z] supervisor: started server pid=40320
Pixel city server running on http://localhost:3000
[2026-03-09T07:04:38.239Z] supervisor: server exited pid=40320 code=4294967295 signal=null
[2026-03-09T07:04:39.263Z] supervisor: started server pid=41560
Pixel city server running on http://localhost:3000
[2026-03-09T07:14:28.273Z] supervisor: server exited pid=41560 code=4294967295 signal=null
[2026-03-09T07:14:29.304Z] supervisor: started server pid=40508
Pixel city server running on http://localhost:3000
[2026-03-09T07:16:17.900Z] supervisor: server exited pid=40508 code=4294967295 signal=null
[2026-03-09T07:16:18.921Z] supervisor: started server pid=5732
Pixel city server running on http://localhost:3000
[2026-03-09T07:25:39.080Z] supervisor: server exited pid=5732 code=4294967295 signal=null
[2026-03-09T07:25:40.113Z] supervisor: started server pid=44392
Pixel city server running on http://localhost:3000
[2026-03-09T07:29:25.637Z] supervisor: server exited pid=44392 code=4294967295 signal=null
[2026-03-09T07:29:26.667Z] supervisor: started server pid=41176
Pixel city server running on http://localhost:3000
[2026-03-09T07:36:56.797Z] supervisor: server exited pid=41176 code=4294967295 signal=null
[2026-03-09T07:36:57.814Z] supervisor: started server pid=41312
Pixel city server running on http://localhost:3000
[2026-03-09T07:40:01.101Z] supervisor: server exited pid=41312 code=4294967295 signal=null
[2026-03-09T07:40:02.129Z] supervisor: started server pid=18656
Pixel city server running on http://localhost:3000
[2026-03-09T07:45:37.117Z] supervisor: server exited pid=18656 code=4294967295 signal=null
[2026-03-09T07:45:38.140Z] supervisor: started server pid=8964
Pixel city server running on http://localhost:3000
[2026-03-09T07:55:13.097Z] supervisor: server exited pid=8964 code=4294967295 signal=null
[2026-03-09T07:55:14.114Z] supervisor: started server pid=35404
Pixel city server running on http://localhost:3000
[2026-03-09T07:59:29.916Z] supervisor: server exited pid=35404 code=4294967295 signal=null
[2026-03-09T07:59:30.943Z] supervisor: started server pid=41948
Pixel city server running on http://localhost:3000
[2026-03-09T08:08:21.104Z] supervisor: server exited pid=41948 code=4294967295 signal=null
[2026-03-09T08:08:22.127Z] supervisor: started server pid=2464
Pixel city server running on http://localhost:3000
[2026-03-09T08:11:02.014Z] supervisor: server exited pid=2464 code=4294967295 signal=null
[2026-03-09T08:11:03.043Z] supervisor: started server pid=5092
Pixel city server running on http://localhost:3000
[2026-03-09T08:12:24.188Z] supervisor: server exited pid=5092 code=4294967295 signal=null
[2026-03-09T08:12:25.215Z] supervisor: started server pid=44296
Pixel city server running on http://localhost:3000
[2026-03-09T09:03:17.891Z] supervisor: server exited pid=44296 code=4294967295 signal=null
[2026-03-09T09:03:18.925Z] supervisor: started server pid=19412
Pixel city server running on http://localhost:3000
[2026-03-09T09:10:22.564Z] supervisor: server exited pid=19412 code=4294967295 signal=null
[2026-03-09T09:10:23.591Z] supervisor: started server pid=26492
Pixel city server running on http://localhost:3000
[2026-03-09T09:27:46.973Z] supervisor: server exited pid=26492 code=4294967295 signal=null
[2026-03-09T09:27:47.986Z] supervisor: started server pid=42756
Pixel city server running on http://localhost:3000
[2026-03-09T09:41:10.352Z] supervisor: server exited pid=42756 code=4294967295 signal=null
[2026-03-09T09:41:11.372Z] supervisor: started server pid=40640
Pixel city server running on http://localhost:3000
[2026-03-09T09:46:12.629Z] supervisor: server exited pid=40640 code=4294967295 signal=null
[2026-03-09T09:46:13.657Z] supervisor: started server pid=33568
Pixel city server running on http://localhost:3000
[2026-03-09T09:51:00.723Z] supervisor: server exited pid=33568 code=4294967295 signal=null
[2026-03-09T09:51:01.752Z] supervisor: started server pid=33672
Pixel city server running on http://localhost:3000
[2026-03-09T12:29:04.292Z] supervisor: server exited pid=33672 code=4294967295 signal=null
[2026-03-09T12:29:05.326Z] supervisor: started server pid=8960
Pixel city server running on http://localhost:3000
[2026-03-09T13:44:15.588Z] supervisor: server exited pid=8960 code=4294967295 signal=null
[2026-03-09T13:44:16.620Z] supervisor: started server pid=36868
Pixel city server running on http://localhost:3000
[2026-03-09T13:51:22.184Z] supervisor: server exited pid=36868 code=4294967295 signal=null
[2026-03-09T13:51:23.209Z] supervisor: started server pid=42000
Pixel city server running on http://localhost:3000
[2026-03-09T14:02:47.101Z] supervisor: server exited pid=42000 code=4294967295 signal=null
[2026-03-09T14:02:48.121Z] supervisor: started server pid=41212
Pixel city server running on http://localhost:3000
[2026-03-09T14:17:57.715Z] supervisor: server exited pid=41212 code=4294967295 signal=null
[2026-03-09T14:17:58.733Z] supervisor: started server pid=38008
Pixel city server running on http://localhost:3000
[2026-03-09T14:22:16.789Z] supervisor: server exited pid=38008 code=4294967295 signal=null
[2026-03-09T14:22:17.823Z] supervisor: started server pid=43400
Pixel city server running on http://localhost:3000
[2026-03-09T14:25:41.673Z] supervisor: server exited pid=43400 code=4294967295 signal=null
[2026-03-09T14:25:42.693Z] supervisor: started server pid=45048
Pixel city server running on http://localhost:3000
[2026-03-09T14:29:32.061Z] supervisor: server exited pid=45048 code=4294967295 signal=null
[2026-03-09T14:29:33.077Z] supervisor: started server pid=47736
Pixel city server running on http://localhost:3000
[2026-03-09T14:32:21.662Z] supervisor: server exited pid=47736 code=4294967295 signal=null
[2026-03-09T14:32:22.683Z] supervisor: started server pid=40056
Pixel city server running on http://localhost:3000
[2026-03-09T14:47:58.908Z] supervisor: server exited pid=40056 code=4294967295 signal=null
[2026-03-09T14:47:59.926Z] supervisor: started server pid=43412
Pixel city server running on http://localhost:3000
[2026-03-09T15:36:06.177Z] supervisor: server exited pid=43412 code=4294967295 signal=null
[2026-03-09T15:36:07.207Z] supervisor: started server pid=49752
Pixel city server running on http://localhost:3000
[2026-03-09T15:40:35.615Z] supervisor: server exited pid=49752 code=4294967295 signal=null
[2026-03-09T15:40:36.637Z] supervisor: started server pid=29524
Pixel city server running on http://localhost:3000
[2026-03-09T16:21:26.328Z] supervisor: server exited pid=29524 code=4294967295 signal=null
[2026-03-09T16:21:27.353Z] supervisor: started server pid=44392
Pixel city server running on http://localhost:3000
flags AOI=1 ZONE_LOD=1 CLIENT_VFX=1
[metrics] tick p50=1.48ms p95=3.21ms | snapshotBuild p95=0.00ms | net=0.0KB/s | entities players=0 npcs=512 cars=294 cops=32 drops=0
[metrics] tick p50=1.44ms p95=3.48ms | snapshotBuild p95=0.70ms | net=37.5KB/s | entities players=1 npcs=512 cars=294 cops=32 drops=0
[metrics] tick p50=1.56ms p95=3.21ms | snapshotBuild p95=0.56ms | net=197.5KB/s | entities players=1 npcs=512 cars=294 cops=32 drops=0
[metrics] tick p50=1.54ms p95=2.98ms | snapshotBuild p95=0.56ms | net=0.0KB/s | entities players=0 npcs=512 cars=294 cops=32 drops=0
[metrics] tick p50=1.48ms p95=2.33ms | snapshotBuild p95=0.56ms | net=0.0KB/s | entities players=0 npcs=512 cars=294 cops=32 drops=0
[metrics] tick p50=1.42ms p95=6.26ms | snapshotBuild p95=0.32ms | net=698.8KB/s | entities players=10 npcs=512 cars=294 cops=32 drops=3
[metrics] tick p50=2.79ms p95=12.98ms | snapshotBuild p95=0.23ms | net=2195.1KB/s | entities players=10 npcs=512 cars=294 cops=32 drops=4
[metrics] tick p50=5.23ms p95=12.98ms | snapshotBuild p95=0.22ms | net=562.5KB/s | entities players=0 npcs=512 cars=294 cops=32 drops=4
[metrics] tick p50=3.66ms p95=11.20ms | snapshotBuild p95=0.22ms | net=0.0KB/s | entities players=0 npcs=512 cars=294 cops=32 drops=4
[metrics] tick p50=3.21ms p95=4.37ms | snapshotBuild p95=0.22ms | net=0.0KB/s | entities players=0 npcs=512 cars=294 cops=32 drops=4
[metrics] tick p50=3.52ms p95=5.16ms | snapshotBuild p95=0.23ms | net=193.6KB/s | entities players=1 npcs=512 cars=294 cops=32 drops=4
[metrics] tick p50=4.04ms p95=5.59ms | snapshotBuild p95=0.26ms | net=262.3KB/s | entities players=1 npcs=512 cars=294 cops=32 drops=3
[metrics] tick p50=4.24ms p95=5.72ms | snapshotBuild p95=0.28ms | net=219.4KB/s | entities players=1 npcs=512 cars=294 cops=32 drops=2
[metrics] tick p50=4.14ms p95=5.98ms | snapshotBuild p95=0.29ms | net=212.5KB/s | entities players=1 npcs=512 cars=294 cops=32 drops=2
[metrics] tick p50=4.29ms p95=5.71ms | snapshotBuild p95=0.29ms | net=240.6KB/s | entities players=1 npcs=512 cars=294 cops=32 drops=3
[metrics] tick p50=3.97ms p95=5.22ms | snapshotBuild p95=0.29ms | net=233.5KB/s | entities players=1 npcs=512 cars=294 cops=32 drops=3
[metrics] tick p50=3.59ms p95=5.22ms | snapshotBuild p95=0.29ms | net=241.5KB/s | entities players=1 npcs=512 cars=294 cops=32 drops=1
[metrics] tick p50=3.86ms p95=5.29ms | snapshotBuild p95=0.32ms | net=256.0KB/s | entities players=1 npcs=512 cars=294 cops=32 drops=1
[metrics] tick p50=3.90ms p95=5.43ms | snapshotBuild p95=0.33ms | net=250.8KB/s | entities players=1 npcs=512 cars=294 cops=32 drops=1
[metrics] tick p50=3.80ms p95=5.33ms | snapshotBuild p95=0.32ms | net=252.4KB/s | entities players=1 npcs=512 cars=294 cops=32 drops=0
[metrics] tick p50=3.75ms p95=5.45ms | snapshotBuild p95=0.36ms | net=240.1KB/s | entities players=1 npcs=512 cars=294 cops=32 drops=0
[metrics] tick p50=3.83ms p95=5.53ms | snapshotBuild p95=0.41ms | net=252.8KB/s | entities players=1 npcs=512 cars=294 cops=32 drops=0
[metrics] tick p50=3.80ms p95=5.10ms | snapshotBuild p95=0.45ms | net=238.2KB/s | entities players=1 npcs=512 cars=294 cops=32 drops=0
[metrics] tick p50=3.56ms p95=5.08ms | snapshotBuild p95=0.47ms | net=234.6KB/s | entities players=1 npcs=512 cars=294 cops=32 drops=0
[metrics] tick p50=3.54ms p95=5.28ms | snapshotBuild p95=0.45ms | net=229.0KB/s | entities players=1 npcs=512 cars=294 cops=32 drops=0
[metrics] tick p50=3.56ms p95=5.18ms | snapshotBuild p95=0.42ms | net=229.2KB/s | entities players=1 npcs=512 cars=294 cops=32 drops=0
[metrics] tick p50=3.66ms p95=4.92ms | snapshotBuild p95=0.47ms | net=229.0KB/s | entities players=1 npcs=512 cars=294 cops=32 drops=0
[metrics] tick p50=3.59ms p95=4.88ms | snapshotBuild p95=0.42ms | net=235.6KB/s | entities players=1 npcs=512 cars=294 cops=32 drops=0
[metrics] tick p50=3.55ms p95=5.20ms | snapshotBuild p95=0.35ms | net=225.7KB/s | entities players=1 npcs=512 cars=294 cops=32 drops=0
[metrics] tick p50=3.55ms p95=5.26ms | snapshotBuild p95=0.31ms | net=223.6KB/s | entities players=1 npcs=512 cars=294 cops=32 drops=0
[metrics] tick p50=3.56ms p95=5.52ms | snapshotBuild p95=0.33ms | net=230.7KB/s | entities players=1 npcs=512 cars=294 cops=32 drops=0
[metrics] tick p50=3.67ms p95=5.51ms | snapshotBuild p95=0.31ms | net=215.0KB/s | entities players=1 npcs=512 cars=294 cops=32 drops=0
[metrics] tick p50=3.78ms p95=5.36ms | snapshotBuild p95=0.33ms | net=216.7KB/s | entities players=1 npcs=512 cars=294 cops=32 drops=0
[metrics] tick p50=3.97ms p95=5.36ms | snapshotBuild p95=0.33ms | net=217.0KB/s | entities players=1 npcs=512 cars=294 cops=32 drops=0
[metrics] tick p50=3.96ms p95=5.14ms | snapshotBuild p95=0.28ms | net=262.5KB/s | entities players=2 npcs=512 cars=294 cops=32 drops=0
[metrics] tick p50=4.22ms p95=6.11ms | snapshotBuild p95=0.27ms | net=506.3KB/s | entities players=2 npcs=512 cars=294 cops=32 drops=0
[metrics] tick p50=4.61ms p95=6.97ms | snapshotBuild p95=0.27ms | net=495.4KB/s | entities players=2 npcs=512 cars=294 cops=32 drops=2
[metrics] tick p50=4.81ms p95=6.95ms | snapshotBuild p95=0.26ms | net=528.9KB/s | entities players=2 npcs=512 cars=294 cops=32 drops=5
[metrics] tick p50=4.70ms p95=6.76ms | snapshotBuild p95=0.25ms | net=530.0KB/s | entities players=2 npcs=512 cars=294 cops=32 drops=5
[metrics] tick p50=4.35ms p95=6.02ms | snapshotBuild p95=0.25ms | net=500.4KB/s | entities players=2 npcs=512 cars=294 cops=32 drops=5
[metrics] tick p50=4.07ms p95=5.86ms | snapshotBuild p95=0.20ms | net=482.6KB/s | entities players=2 npcs=512 cars=294 cops=32 drops=5
[metrics] tick p50=4.11ms p95=6.00ms | snapshotBuild p95=0.22ms | net=464.2KB/s | entities players=2 npcs=512 cars=294 cops=32 drops=3
[metrics] tick p50=4.08ms p95=5.82ms | snapshotBuild p95=0.21ms | net=477.7KB/s | entities players=2 npcs=512 cars=294 cops=32 drops=0
[metrics] tick p50=4.02ms p95=6.02ms | snapshotBuild p95=0.23ms | net=490.2KB/s | entities players=2 npcs=512 cars=294 cops=32 drops=0
[metrics] tick p50=4.33ms p95=11.71ms | snapshotBuild p95=0.37ms | net=464.3KB/s | entities players=2 npcs=512 cars=294 cops=32 drops=0
[metrics] tick p50=4.07ms p95=11.71ms | snapshotBuild p95=0.41ms | net=463.7KB/s | entities players=2 npcs=512 cars=294 cops=32 drops=0
[metrics] tick p50=3.96ms p95=8.30ms | snapshotBuild p95=0.37ms | net=471.9KB/s | entities players=2 npcs=512 cars=294 cops=32 drops=0
[metrics] tick p50=3.89ms p95=6.05ms | snapshotBuild p95=0.41ms | net=452.5KB/s | entities players=2 npcs=512 cars=294 cops=32 drops=0
[metrics] tick p50=4.03ms p95=6.22ms | snapshotBuild p95=0.31ms | net=448.3KB/s | entities players=2 npcs=512 cars=294 cops=32 drops=0
[metrics] tick p50=3.87ms p95=6.28ms | snapshotBuild p95=0.32ms | net=464.6KB/s | entities players=2 npcs=512 cars=294 cops=32 drops=0
[metrics] tick p50=4.10ms p95=5.95ms | snapshotBuild p95=0.26ms | net=481.3KB/s | entities players=2 npcs=512 cars=294 cops=32 drops=0
[metrics] tick p50=4.15ms p95=5.80ms | snapshotBuild p95=0.23ms | net=470.6KB/s | entities players=2 npcs=512 cars=294 cops=32 drops=0
[metrics] tick p50=4.20ms p95=5.69ms | snapshotBuild p95=0.20ms | net=484.2KB/s | entities players=2 npcs=512 cars=294 cops=32 drops=0
[metrics] tick p50=4.24ms p95=5.67ms | snapshotBuild p95=0.20ms | net=304.1KB/s | entities players=1 npcs=512 cars=294 cops=32 drops=0
[metrics] tick p50=4.46ms p95=6.75ms | snapshotBuild p95=0.20ms | net=215.2KB/s | entities players=1 npcs=512 cars=294 cops=32 drops=0
[metrics] tick p50=4.39ms p95=6.86ms | snapshotBuild p95=0.20ms | net=206.4KB/s | entities players=1 npcs=512 cars=294 cops=32 drops=0
[metrics] tick p50=4.38ms p95=7.42ms | snapshotBuild p95=0.21ms | net=208.0KB/s | entities players=1 npcs=512 cars=294 cops=32 drops=0
[metrics] tick p50=4.24ms p95=5.32ms | snapshotBuild p95=0.21ms | net=205.2KB/s | entities players=1 npcs=512 cars=294 cops=32 drops=0
[metrics] tick p50=4.21ms p95=5.32ms | snapshotBuild p95=0.21ms | net=197.6KB/s | entities players=1 npcs=512 cars=294 cops=32 drops=0
[metrics] tick p50=4.36ms p95=5.58ms | snapshotBuild p95=0.22ms | net=197.4KB/s | entities players=1 npcs=512 cars=294 cops=32 drops=0
[metrics] tick p50=4.45ms p95=5.84ms | snapshotBuild p95=0.23ms | net=202.4KB/s | entities players=1 npcs=512 cars=294 cops=32 drops=0
[metrics] tick p50=4.49ms p95=6.37ms | snapshotBuild p95=0.23ms | net=199.1KB/s | entities players=1 npcs=512 cars=294 cops=32 drops=0
[metrics] tick p50=4.31ms p95=6.02ms | snapshotBuild p95=0.23ms | net=192.4KB/s | entities players=1 npcs=512 cars=294 cops=32 drops=0
[metrics] tick p50=4.23ms p95=6.32ms | snapshotBuild p95=0.23ms | net=193.7KB/s | entities players=1 npcs=512 cars=294 cops=32 drops=0
[metrics] tick p50=4.16ms p95=5.66ms | snapshotBuild p95=0.23ms | net=193.3KB/s | entities players=1 npcs=512 cars=294 cops=32 drops=0
[metrics] tick p50=4.09ms p95=5.54ms | snapshotBuild p95=0.23ms | net=199.6KB/s | entities players=1 npcs=512 cars=294 cops=32 drops=0
[metrics] tick p50=4.18ms p95=5.45ms | snapshotBuild p95=0.23ms | net=206.7KB/s | entities players=1 npcs=512 cars=294 cops=32 drops=0
[metrics] tick p50=4.16ms p95=5.45ms | snapshotBuild p95=0.23ms | net=197.6KB/s | entities players=1 npcs=512 cars=294 cops=32 drops=0
[metrics] tick p50=4.16ms p95=5.42ms | snapshotBuild p95=0.23ms | net=196.7KB/s | entities players=1 npcs=512 cars=294 cops=32 drops=0
[metrics] tick p50=4.14ms p95=5.34ms | snapshotBuild p95=0.20ms | net=190.2KB/s | entities players=1 npcs=512 cars=294 cops=32 drops=0
[metrics] tick p50=4.23ms p95=5.51ms | snapshotBuild p95=0.20ms | net=181.8KB/s | entities players=1 npcs=512 cars=294 cops=32 drops=0
[metrics] tick p50=4.20ms p95=5.59ms | snapshotBuild p95=0.20ms | net=187.6KB/s | entities players=1 npcs=512 cars=294 cops=32 drops=0
[metrics] tick p50=4.16ms p95=5.68ms | snapshotBuild p95=0.19ms | net=181.6KB/s | entities players=1 npcs=512 cars=294 cops=32 drops=0
[metrics] tick p50=4.03ms p95=5.40ms | snapshotBuild p95=0.22ms | net=176.5KB/s | entities players=1 npcs=512 cars=294 cops=32 drops=0
[metrics] tick p50=4.06ms p95=5.27ms | snapshotBuild p95=0.20ms | net=179.3KB/s | entities players=1 npcs=512 cars=294 cops=32 drops=0
[metrics] tick p50=4.01ms p95=5.40ms | snapshotBuild p95=0.20ms | net=186.4KB/s | entities players=1 npcs=512 cars=294 cops=32 drops=0
[metrics] tick p50=4.01ms p95=5.24ms | snapshotBuild p95=0.20ms | net=192.7KB/s | entities players=1 npcs=512 cars=294 cops=32 drops=0
[metrics] tick p50=3.94ms p95=5.62ms | snapshotBuild p95=0.21ms | net=194.1KB/s | entities players=1 npcs=512 cars=294 cops=32 drops=0
[metrics] tick p50=4.02ms p95=5.45ms | snapshotBuild p95=0.21ms | net=198.5KB/s | entities players=1 npcs=512 cars=294 cops=32 drops=0
[metrics] tick p50=4.07ms p95=5.77ms | snapshotBuild p95=0.21ms | net=188.8KB/s | entities players=1 npcs=512 cars=294 cops=32 drops=0
[metrics] tick p50=4.28ms p95=5.66ms | snapshotBuild p95=0.21ms | net=183.1KB/s | entities players=1 npcs=512 cars=294 cops=32 drops=0
[metrics] tick p50=4.43ms p95=5.63ms | snapshotBuild p95=0.21ms | net=179.8KB/s | entities players=1 npcs=512 cars=294 cops=32 drops=0
[metrics] tick p50=4.39ms p95=5.36ms | snapshotBuild p95=0.21ms | net=185.8KB/s | entities players=1 npcs=512 cars=294 cops=32 drops=0
[metrics] tick p50=4.30ms p95=5.25ms | snapshotBuild p95=0.21ms | net=187.5KB/s | entities players=1 npcs=512 cars=294 cops=32 drops=0
[metrics] tick p50=4.27ms p95=5.37ms | snapshotBuild p95=0.21ms | net=186.9KB/s | entities players=1 npcs=512 cars=294 cops=32 drops=0
[metrics] tick p50=4.25ms p95=5.48ms | snapshotBuild p95=0.20ms | net=188.9KB/s | entities players=1 npcs=512 cars=294 cops=32 drops=0
[metrics] tick p50=4.31ms p95=5.46ms | snapshotBuild p95=0.19ms | net=186.6KB/s | entities players=1 npcs=512 cars=294 cops=32 drops=0
[metrics] tick p50=4.40ms p95=6.87ms | snapshotBuild p95=0.22ms | net=185.2KB/s | entities players=1 npcs=512 cars=294 cops=32 drops=0
[metrics] tick p50=4.42ms p95=6.87ms | snapshotBuild p95=0.24ms | net=191.9KB/s | entities players=1 npcs=512 cars=294 cops=32 drops=0
[metrics] tick p50=4.36ms p95=6.87ms | snapshotBuild p95=0.24ms | net=194.6KB/s | entities players=1 npcs=512 cars=294 cops=32 drops=0
[metrics] tick p50=4.26ms p95=5.20ms | snapshotBuild p95=0.24ms | net=194.9KB/s | entities players=1 npcs=512 cars=294 cops=32 drops=0
[metrics] tick p50=4.27ms p95=5.83ms | snapshotBuild p95=0.24ms | net=190.8KB/s | entities players=1 npcs=512 cars=294 cops=32 drops=0
[metrics] tick p50=4.29ms p95=5.84ms | snapshotBuild p95=0.24ms | net=193.0KB/s | entities players=1 npcs=512 cars=294 cops=32 drops=0
[metrics] tick p50=4.28ms p95=6.68ms | snapshotBuild p95=0.24ms | net=186.4KB/s | entities players=1 npcs=512 cars=294 cops=32 drops=0
[metrics] tick p50=4.31ms p95=5.95ms | snapshotBuild p95=0.24ms | net=178.5KB/s | entities players=1 npcs=512 cars=294 cops=32 drops=0
[metrics] tick p50=4.33ms p95=5.98ms | snapshotBuild p95=0.21ms | net=181.1KB/s | entities players=1 npcs=512 cars=294 cops=32 drops=0
[metrics] tick p50=4.36ms p95=5.74ms | snapshotBuild p95=0.20ms | net=183.7KB/s | entities players=1 npcs=512 cars=294 cops=32 drops=0
[metrics] tick p50=4.27ms p95=5.42ms | snapshotBuild p95=0.21ms | net=181.6KB/s | entities players=1 npcs=512 cars=294 cops=32 drops=0
[metrics] tick p50=4.29ms p95=5.51ms | snapshotBuild p95=0.21ms | net=186.9KB/s | entities players=1 npcs=512 cars=294 cops=32 drops=0
[metrics] tick p50=4.32ms p95=6.03ms | snapshotBuild p95=0.21ms | net=181.9KB/s | entities players=1 npcs=512 cars=294 cops=32 drops=0
[metrics] tick p50=4.33ms p95=6.10ms | snapshotBuild p95=0.21ms | net=173.3KB/s | entities players=1 npcs=512 cars=294 cops=32 drops=0
[metrics] tick p50=4.30ms p95=5.55ms | snapshotBuild p95=0.21ms | net=169.2KB/s | entities players=1 npcs=512 cars=294 cops=32 drops=0
[metrics] tick p50=4.21ms p95=5.53ms | snapshotBuild p95=0.21ms | net=189.5KB/s | entities players=1 npcs=512 cars=294 cops=32 drops=0
[metrics] tick p50=3.87ms p95=5.09ms | snapshotBuild p95=0.21ms | net=204.5KB/s | entities players=1 npcs=512 cars=294 cops=32 drops=0
[metrics] tick p50=3.87ms p95=5.23ms | snapshotBuild p95=0.21ms | net=244.7KB/s | entities players=2 npcs=512 cars=294 cops=32 drops=0
[metrics] tick p50=4.14ms p95=5.95ms | snapshotBuild p95=0.20ms | net=400.7KB/s | entities players=2 npcs=512 cars=294 cops=32 drops=0
[metrics] tick p50=4.28ms p95=6.63ms | snapshotBuild p95=0.20ms | net=283.4KB/s | entities players=1 npcs=512 cars=294 cops=32 drops=1
[metrics] tick p50=4.21ms p95=6.76ms | snapshotBuild p95=0.22ms | net=200.8KB/s | entities players=1 npcs=512 cars=294 cops=32 drops=1
[metrics] tick p50=4.10ms p95=5.75ms | snapshotBuild p95=0.22ms | net=210.8KB/s | entities players=1 npcs=512 cars=294 cops=32 drops=1
[2026-03-09T16:30:37.862Z] supervisor: server exited pid=44392 code=4294967295 signal=null
[2026-03-09T16:30:38.887Z] supervisor: started server pid=50300
Pixel city server running on http://localhost:3000
flags AOI=1 ZONE_LOD=1 CLIENT_VFX=1
[metrics] tick p50=3.44ms p95=6.38ms | snapshotBuild p95=0.00ms | net=0.0KB/s | entities players=0 npcs=512 cars=294 cops=32 drops=0
[metrics] tick p50=3.75ms p95=6.94ms | snapshotBuild p95=0.39ms | net=131.0KB/s | entities players=1 npcs=512 cars=294 cops=32 drops=0
[metrics] tick p50=3.87ms p95=6.29ms | snapshotBuild p95=0.39ms | net=210.5KB/s | entities players=1 npcs=512 cars=294 cops=32 drops=0
[metrics] tick p50=4.32ms p95=19.25ms | snapshotBuild p95=0.58ms | net=206.8KB/s | entities players=1 npcs=512 cars=294 cops=32 drops=0
[metrics] tick p50=4.76ms p95=20.41ms | snapshotBuild p95=0.41ms | net=220.0KB/s | entities players=1 npcs=512 cars=294 cops=32 drops=0
[metrics] tick p50=5.73ms p95=40.62ms | snapshotBuild p95=0.88ms | net=214.6KB/s | entities players=1 npcs=512 cars=294 cops=32 drops=0
[metrics] tick p50=5.00ms p95=27.30ms | snapshotBuild p95=0.92ms | net=233.1KB/s | entities players=1 npcs=512 cars=294 cops=32 drops=0
[metrics] tick p50=5.10ms p95=30.87ms | snapshotBuild p95=0.91ms | net=243.6KB/s | entities players=1 npcs=512 cars=294 cops=32 drops=0
[metrics] tick p50=4.79ms p95=15.96ms | snapshotBuild p95=0.91ms | net=244.2KB/s | entities players=1 npcs=512 cars=294 cops=32 drops=0
[metrics] tick p50=5.24ms p95=30.67ms | snapshotBuild p95=1.04ms | net=234.9KB/s | entities players=1 npcs=512 cars=294 cops=32 drops=0
[metrics] tick p50=5.76ms p95=31.09ms | snapshotBuild p95=1.75ms | net=255.1KB/s | entities players=1 npcs=512 cars=294 cops=32 drops=0
[metrics] tick p50=6.00ms p95=31.70ms | snapshotBuild p95=1.75ms | net=249.7KB/s | entities players=1 npcs=512 cars=294 cops=32 drops=0
[metrics] tick p50=5.47ms p95=34.98ms | snapshotBuild p95=1.14ms | net=226.9KB/s | entities players=1 npcs=512 cars=294 cops=32 drops=1
[metrics] tick p50=4.48ms p95=23.35ms | snapshotBuild p95=1.02ms | net=83.0KB/s | entities players=0 npcs=512 cars=294 cops=32 drops=1
[metrics] tick p50=4.32ms p95=9.78ms | snapshotBuild p95=1.02ms | net=146.2KB/s | entities players=1 npcs=512 cars=294 cops=32 drops=1
[metrics] tick p50=4.20ms p95=7.96ms | snapshotBuild p95=1.01ms | net=198.6KB/s | entities players=1 npcs=512 cars=294 cops=32 drops=1
[metrics] tick p50=4.19ms p95=8.16ms | snapshotBuild p95=0.90ms | net=203.3KB/s | entities players=1 npcs=512 cars=294 cops=32 drops=1
[metrics] tick p50=4.10ms p95=6.94ms | snapshotBuild p95=0.89ms | net=204.0KB/s | entities players=1 npcs=512 cars=294 cops=32 drops=2
[metrics] tick p50=4.18ms p95=6.75ms | snapshotBuild p95=0.88ms | net=237.1KB/s | entities players=1 npcs=512 cars=294 cops=32 drops=3
[metrics] tick p50=4.13ms p95=7.07ms | snapshotBuild p95=0.65ms | net=209.6KB/s | entities players=1 npcs=512 cars=294 cops=32 drops=3
[2026-03-09T16:32:24.807Z] supervisor: server exited pid=50300 code=3221225786 signal=null
[2026-03-09T16:32:25.836Z] supervisor: started server pid=40460
Pixel city server running on http://localhost:3000
flags AOI=1 ZONE_LOD=1 CLIENT_VFX=1
[metrics] tick p50=3.59ms p95=5.86ms | snapshotBuild p95=0.00ms | net=0.0KB/s | entities players=0 npcs=512 cars=294 cops=32 drops=0
[metrics] tick p50=3.97ms p95=6.99ms | snapshotBuild p95=1.18ms | net=214.6KB/s | entities players=1 npcs=512 cars=294 cops=32 drops=0
[metrics] tick p50=4.25ms p95=7.37ms | snapshotBuild p95=0.84ms | net=240.0KB/s | entities players=1 npcs=512 cars=294 cops=32 drops=0
[metrics] tick p50=4.45ms p95=10.54ms | snapshotBuild p95=1.18ms | net=243.9KB/s | entities players=1 npcs=512 cars=294 cops=32 drops=0
[metrics] tick p50=4.45ms p95=11.25ms | snapshotBuild p95=1.05ms | net=246.3KB/s | entities players=1 npcs=512 cars=294 cops=32 drops=1
[metrics] tick p50=4.45ms p95=8.27ms | snapshotBuild p95=0.75ms | net=244.5KB/s | entities players=1 npcs=512 cars=294 cops=32 drops=3
[metrics] tick p50=4.56ms p95=13.64ms | snapshotBuild p95=0.75ms | net=210.3KB/s | entities players=1 npcs=512 cars=294 cops=32 drops=3
[metrics] tick p50=4.92ms p95=13.96ms | snapshotBuild p95=0.74ms | net=204.4KB/s | entities players=1 npcs=512 cars=294 cops=32 drops=3
[metrics] tick p50=4.41ms p95=13.74ms | snapshotBuild p95=0.62ms | net=209.6KB/s | entities players=1 npcs=512 cars=294 cops=32 drops=3
[metrics] tick p50=4.04ms p95=7.12ms | snapshotBuild p95=0.58ms | net=228.6KB/s | entities players=1 npcs=512 cars=294 cops=32 drops=3
[metrics] tick p50=4.04ms p95=6.71ms | snapshotBuild p95=0.58ms | net=242.2KB/s | entities players=1 npcs=512 cars=294 cops=32 drops=2
[metrics] tick p50=4.31ms p95=7.55ms | snapshotBuild p95=0.51ms | net=243.3KB/s | entities players=1 npcs=512 cars=294 cops=32 drops=1
[metrics] tick p50=4.34ms p95=6.68ms | snapshotBuild p95=0.50ms | net=249.5KB/s | entities players=1 npcs=512 cars=294 cops=32 drops=2
[metrics] tick p50=4.34ms p95=8.25ms | snapshotBuild p95=0.49ms | net=246.2KB/s | entities players=1 npcs=512 cars=294 cops=32 drops=2
[metrics] tick p50=4.34ms p95=8.28ms | snapshotBuild p95=0.31ms | net=246.2KB/s | entities players=1 npcs=512 cars=294 cops=32 drops=2
[metrics] tick p50=4.35ms p95=9.49ms | snapshotBuild p95=0.35ms | net=248.7KB/s | entities players=1 npcs=512 cars=294 cops=32 drops=2
[metrics] tick p50=4.41ms p95=10.01ms | snapshotBuild p95=0.47ms | net=249.0KB/s | entities players=1 npcs=512 cars=294 cops=32 drops=1
[metrics] tick p50=4.55ms p95=13.42ms | snapshotBuild p95=0.54ms | net=250.4KB/s | entities players=1 npcs=512 cars=294 cops=32 drops=0
[metrics] tick p50=4.67ms p95=21.06ms | snapshotBuild p95=0.55ms | net=223.9KB/s | entities players=1 npcs=512 cars=294 cops=32 drops=0
[metrics] tick p50=4.68ms p95=18.98ms | snapshotBuild p95=0.59ms | net=215.2KB/s | entities players=1 npcs=512 cars=294 cops=32 drops=0
[metrics] tick p50=5.63ms p95=25.26ms | snapshotBuild p95=0.59ms | net=205.1KB/s | entities players=1 npcs=512 cars=294 cops=32 drops=0
[metrics] tick p50=7.96ms p95=35.34ms | snapshotBuild p95=0.73ms | net=202.6KB/s | entities players=1 npcs=512 cars=294 cops=32 drops=0
[metrics] tick p50=7.50ms p95=37.86ms | snapshotBuild p95=0.73ms | net=216.0KB/s | entities players=1 npcs=512 cars=294 cops=32 drops=0
[metrics] tick p50=4.72ms p95=24.37ms | snapshotBuild p95=0.73ms | net=214.5KB/s | entities players=1 npcs=512 cars=294 cops=32 drops=0
[metrics] tick p50=4.19ms p95=8.52ms | snapshotBuild p95=0.62ms | net=219.3KB/s | entities players=1 npcs=512 cars=294 cops=32 drops=0
[metrics] tick p50=4.04ms p95=6.31ms | snapshotBuild p95=0.51ms | net=211.5KB/s | entities players=1 npcs=512 cars=294 cops=32 drops=0
[metrics] tick p50=4.19ms p95=6.35ms | snapshotBuild p95=0.45ms | net=210.3KB/s | entities players=1 npcs=512 cars=294 cops=32 drops=0
[metrics] tick p50=4.51ms p95=6.34ms | snapshotBuild p95=0.44ms | net=207.8KB/s | entities players=1 npcs=512 cars=294 cops=32 drops=0
[metrics] tick p50=4.67ms p95=7.14ms | snapshotBuild p95=0.44ms | net=210.6KB/s | entities players=1 npcs=512 cars=294 cops=32 drops=0
[metrics] tick p50=4.68ms p95=7.14ms | snapshotBuild p95=0.30ms | net=211.6KB/s | entities players=1 npcs=512 cars=294 cops=32 drops=0
[metrics] tick p50=4.67ms p95=8.36ms | snapshotBuild p95=0.28ms | net=205.5KB/s | entities players=1 npcs=512 cars=294 cops=32 drops=0
[metrics] tick p50=4.38ms p95=7.78ms | snapshotBuild p95=0.30ms | net=209.9KB/s | entities players=1 npcs=512 cars=294 cops=32 drops=0
[metrics] tick p50=4.27ms p95=8.50ms | snapshotBuild p95=0.30ms | net=209.1KB/s | entities players=1 npcs=512 cars=294 cops=32 drops=0
[metrics] tick p50=4.27ms p95=7.64ms | snapshotBuild p95=0.28ms | net=209.9KB/s | entities players=1 npcs=512 cars=294 cops=32 drops=0
[metrics] tick p50=4.36ms p95=7.53ms | snapshotBuild p95=0.30ms | net=211.4KB/s | entities players=1 npcs=512 cars=294 cops=32 drops=0
[metrics] tick p50=4.43ms p95=6.46ms | snapshotBuild p95=0.36ms | net=205.5KB/s | entities players=1 npcs=512 cars=294 cops=32 drops=0
[metrics] tick p50=4.39ms p95=6.66ms | snapshotBuild p95=0.36ms | net=211.2KB/s | entities players=1 npcs=512 cars=294 cops=32 drops=0
[metrics] tick p50=4.47ms p95=6.96ms | snapshotBuild p95=0.37ms | net=217.0KB/s | entities players=1 npcs=512 cars=294 cops=32 drops=0
[metrics] tick p50=4.35ms p95=6.43ms | snapshotBuild p95=0.32ms | net=222.9KB/s | entities players=1 npcs=512 cars=294 cops=32 drops=0
[metrics] tick p50=4.32ms p95=6.23ms | snapshotBuild p95=0.27ms | net=223.7KB/s | entities players=1 npcs=512 cars=294 cops=32 drops=0
[metrics] tick p50=4.24ms p95=6.22ms | snapshotBuild p95=0.27ms | net=221.5KB/s | entities players=1 npcs=512 cars=294 cops=32 drops=0
[metrics] tick p50=4.23ms p95=6.24ms | snapshotBuild p95=0.25ms | net=215.7KB/s | entities players=1 npcs=512 cars=294 cops=32 drops=0
[metrics] tick p50=4.23ms p95=6.47ms | snapshotBuild p95=0.25ms | net=216.6KB/s | entities players=1 npcs=512 cars=294 cops=32 drops=0
[metrics] tick p50=4.16ms p95=6.26ms | snapshotBuild p95=0.23ms | net=217.8KB/s | entities players=1 npcs=512 cars=294 cops=32 drops=0
[metrics] tick p50=3.93ms p95=6.33ms | snapshotBuild p95=0.22ms | net=220.4KB/s | entities players=1 npcs=512 cars=294 cops=32 drops=0
[metrics] tick p50=3.34ms p95=5.75ms | snapshotBuild p95=0.21ms | net=217.6KB/s | entities players=1 npcs=512 cars=294 cops=32 drops=0
[metrics] tick p50=2.89ms p95=5.08ms | snapshotBuild p95=0.20ms | net=211.6KB/s | entities players=1 npcs=512 cars=294 cops=32 drops=0
[metrics] tick p50=2.88ms p95=5.01ms | snapshotBuild p95=0.20ms | net=222.1KB/s | entities players=1 npcs=512 cars=294 cops=32 drops=0
[metrics] tick p50=2.98ms p95=4.98ms | snapshotBuild p95=0.23ms | net=225.8KB/s | entities players=1 npcs=512 cars=294 cops=32 drops=0
[metrics] tick p50=3.05ms p95=5.01ms | snapshotBuild p95=0.24ms | net=231.2KB/s | entities players=1 npcs=512 cars=294 cops=32 drops=0
[metrics] tick p50=3.17ms p95=5.35ms | snapshotBuild p95=0.24ms | net=226.1KB/s | entities players=1 npcs=512 cars=294 cops=32 drops=0
[metrics] tick p50=3.20ms p95=5.50ms | snapshotBuild p95=0.25ms | net=222.0KB/s | entities players=1 npcs=512 cars=294 cops=32 drops=0
[metrics] tick p50=3.30ms p95=5.71ms | snapshotBuild p95=0.35ms | net=217.6KB/s | entities players=1 npcs=512 cars=294 cops=32 drops=0
[metrics] tick p50=3.31ms p95=5.76ms | snapshotBuild p95=0.35ms | net=225.0KB/s | entities players=1 npcs=512 cars=294 cops=32 drops=0
[metrics] tick p50=3.34ms p95=5.67ms | snapshotBuild p95=0.35ms | net=230.3KB/s | entities players=1 npcs=512 cars=294 cops=32 drops=0
[metrics] tick p50=3.38ms p95=5.66ms | snapshotBuild p95=0.35ms | net=233.9KB/s | entities players=1 npcs=512 cars=294 cops=32 drops=0
[metrics] tick p50=3.39ms p95=5.56ms | snapshotBuild p95=0.35ms | net=224.6KB/s | entities players=1 npcs=512 cars=294 cops=32 drops=0
[metrics] tick p50=3.48ms p95=5.33ms | snapshotBuild p95=0.35ms | net=221.3KB/s | entities players=1 npcs=512 cars=294 cops=32 drops=0
[metrics] tick p50=3.58ms p95=5.72ms | snapshotBuild p95=0.34ms | net=219.4KB/s | entities players=1 npcs=512 cars=294 cops=32 drops=0
[metrics] tick p50=3.83ms p95=5.72ms | snapshotBuild p95=0.34ms | net=219.5KB/s | entities players=1 npcs=512 cars=294 cops=32 drops=0
[metrics] tick p50=3.66ms p95=5.83ms | snapshotBuild p95=0.32ms | net=216.1KB/s | entities players=1 npcs=512 cars=294 cops=32 drops=0
[metrics] tick p50=3.78ms p95=7.79ms | snapshotBuild p95=0.41ms | net=220.5KB/s | entities players=1 npcs=512 cars=294 cops=32 drops=0
[metrics] tick p50=3.89ms p95=7.79ms | snapshotBuild p95=0.41ms | net=199.0KB/s | entities players=1 npcs=512 cars=294 cops=32 drops=0
[metrics] tick p50=4.11ms p95=8.51ms | snapshotBuild p95=0.35ms | net=214.0KB/s | entities players=1 npcs=512 cars=294 cops=32 drops=0
[metrics] tick p50=4.02ms p95=5.44ms | snapshotBuild p95=0.40ms | net=219.3KB/s | entities players=1 npcs=512 cars=294 cops=32 drops=0
[metrics] tick p50=4.02ms p95=5.52ms | snapshotBuild p95=0.35ms | net=212.5KB/s | entities players=1 npcs=512 cars=294 cops=32 drops=0
[2026-03-09T16:38:02.687Z] supervisor: server exited pid=40460 code=4294967295 signal=null
[2026-03-09T16:38:03.707Z] supervisor: started server pid=51056
Pixel city server running on http://localhost:3000
flags AOI=1 ZONE_LOD=1 CLIENT_VFX=1
[metrics] tick p50=1.37ms p95=2.97ms | snapshotBuild p95=0.00ms | net=0.0KB/s | entities players=0 npcs=512 cars=294 cops=32 drops=0
[metrics] tick p50=1.28ms p95=2.89ms | snapshotBuild p95=0.00ms | net=0.0KB/s | entities players=0 npcs=512 cars=294 cops=32 drops=0
[metrics] tick p50=1.24ms p95=1.93ms | snapshotBuild p95=0.00ms | net=0.0KB/s | entities players=0 npcs=512 cars=294 cops=32 drops=0
[metrics] tick p50=1.19ms p95=1.52ms | snapshotBuild p95=0.00ms | net=0.0KB/s | entities players=0 npcs=512 cars=294 cops=32 drops=0
[metrics] tick p50=1.16ms p95=1.36ms | snapshotBuild p95=0.00ms | net=0.0KB/s | entities players=0 npcs=512 cars=294 cops=32 drops=0
[metrics] tick p50=1.14ms p95=1.31ms | snapshotBuild p95=0.00ms | net=0.0KB/s | entities players=0 npcs=512 cars=294 cops=32 drops=0
[metrics] tick p50=1.14ms p95=1.32ms | snapshotBuild p95=0.00ms | net=0.0KB/s | entities players=0 npcs=512 cars=294 cops=32 drops=0
[metrics] tick p50=1.15ms p95=1.41ms | snapshotBuild p95=0.00ms | net=0.0KB/s | entities players=0 npcs=512 cars=294 cops=32 drops=0
[metrics] tick p50=1.17ms p95=2.10ms | snapshotBuild p95=0.00ms | net=0.0KB/s | entities players=0 npcs=512 cars=294 cops=32 drops=0
[metrics] tick p50=1.18ms p95=2.59ms | snapshotBuild p95=0.00ms | net=0.0KB/s | entities players=0 npcs=512 cars=294 cops=32 drops=0
[metrics] tick p50=1.19ms p95=2.45ms | snapshotBuild p95=0.00ms | net=0.0KB/s | entities players=0 npcs=512 cars=294 cops=32 drops=0
[metrics] tick p50=1.18ms p95=2.13ms | snapshotBuild p95=0.00ms | net=0.0KB/s | entities players=0 npcs=512 cars=294 cops=32 drops=0
[metrics] tick p50=1.19ms p95=1.92ms | snapshotBuild p95=0.00ms | net=0.0KB/s | entities players=0 npcs=512 cars=294 cops=32 drops=0
[metrics] tick p50=1.19ms p95=1.65ms | snapshotBuild p95=0.00ms | net=0.0KB/s | entities players=0 npcs=512 cars=294 cops=32 drops=0
[metrics] tick p50=1.19ms p95=1.92ms | snapshotBuild p95=0.00ms | net=0.0KB/s | entities players=0 npcs=512 cars=294 cops=32 drops=0
[metrics] tick p50=1.18ms p95=2.91ms | snapshotBuild p95=0.00ms | net=0.0KB/s | entities players=0 npcs=512 cars=294 cops=32 drops=0
[metrics] tick p50=1.17ms p95=3.02ms | snapshotBuild p95=0.00ms | net=0.0KB/s | entities players=0 npcs=512 cars=294 cops=32 drops=0
[metrics] tick p50=1.17ms p95=1.53ms | snapshotBuild p95=0.00ms | net=0.0KB/s | entities players=0 npcs=512 cars=294 cops=32 drops=0
[metrics] tick p50=1.17ms p95=1.53ms | snapshotBuild p95=0.00ms | net=0.0KB/s | entities players=0 npcs=512 cars=294 cops=32 drops=0
[metrics] tick p50=1.18ms p95=1.41ms | snapshotBuild p95=0.00ms | net=0.0KB/s | entities players=0 npcs=512 cars=294 cops=32 drops=0
[metrics] tick p50=1.18ms p95=1.51ms | snapshotBuild p95=0.00ms | net=0.0KB/s | entities players=0 npcs=512 cars=294 cops=32 drops=0
[metrics] tick p50=1.18ms p95=1.45ms | snapshotBuild p95=0.00ms | net=0.0KB/s | entities players=0 npcs=512 cars=294 cops=32 drops=0
[metrics] tick p50=1.18ms p95=1.45ms | snapshotBuild p95=0.00ms | net=0.0KB/s | entities players=0 npcs=512 cars=294 cops=32 drops=0
[metrics] tick p50=1.19ms p95=1.47ms | snapshotBuild p95=0.00ms | net=0.0KB/s | entities players=0 npcs=512 cars=294 cops=32 drops=0
[metrics] tick p50=1.18ms p95=1.47ms | snapshotBuild p95=0.00ms | net=0.0KB/s | entities players=0 npcs=512 cars=294 cops=32 drops=0
[metrics] tick p50=1.17ms p95=1.44ms | snapshotBuild p95=0.00ms | net=0.0KB/s | entities players=0 npcs=512 cars=294 cops=32 drops=0
[metrics] tick p50=1.16ms p95=1.46ms | snapshotBuild p95=0.00ms | net=0.0KB/s | entities players=0 npcs=512 cars=294 cops=32 drops=0
[metrics] tick p50=1.15ms p95=1.44ms | snapshotBuild p95=0.00ms | net=0.0KB/s | entities players=0 npcs=512 cars=294 cops=32 drops=0
[metrics] tick p50=1.16ms p95=1.47ms | snapshotBuild p95=0.00ms | net=0.0KB/s | entities players=0 npcs=512 cars=294 cops=32 drops=0
[metrics] tick p50=1.18ms p95=1.54ms | snapshotBuild p95=0.00ms | net=0.0KB/s | entities players=0 npcs=512 cars=294 cops=32 drops=0
[metrics] tick p50=1.17ms p95=1.54ms | snapshotBuild p95=0.00ms | net=0.0KB/s | entities players=0 npcs=512 cars=294 cops=32 drops=0
[metrics] tick p50=1.17ms p95=1.50ms | snapshotBuild p95=0.00ms | net=0.0KB/s | entities players=0 npcs=512 cars=294 cops=32 drops=0
[metrics] tick p50=1.19ms p95=1.46ms | snapshotBuild p95=0.00ms | net=0.0KB/s | entities players=0 npcs=512 cars=294 cops=32 drops=0
[metrics] tick p50=1.19ms p95=1.50ms | snapshotBuild p95=0.00ms | net=0.0KB/s | entities players=0 npcs=512 cars=294 cops=32 drops=0
[metrics] tick p50=1.19ms p95=1.51ms | snapshotBuild p95=0.00ms | net=0.0KB/s | entities players=0 npcs=512 cars=294 cops=32 drops=0
[metrics] tick p50=1.20ms p95=1.51ms | snapshotBuild p95=0.00ms | net=0.0KB/s | entities players=0 npcs=512 cars=294 cops=32 drops=0
[metrics] tick p50=1.19ms p95=1.46ms | snapshotBuild p95=0.00ms | net=0.0KB/s | entities players=0 npcs=512 cars=294 cops=32 drops=0
[metrics] tick p50=1.18ms p95=1.44ms | snapshotBuild p95=0.00ms | net=0.0KB/s | entities players=0 npcs=512 cars=294 cops=32 drops=0
[metrics] tick p50=1.18ms p95=1.45ms | snapshotBuild p95=0.00ms | net=0.0KB/s | entities players=0 npcs=512 cars=294 cops=32 drops=0
[metrics] tick p50=1.18ms p95=1.43ms | snapshotBuild p95=0.00ms | net=0.0KB/s | entities players=0 npcs=512 cars=294 cops=32 drops=0
[metrics] tick p50=1.18ms p95=1.45ms | snapshotBuild p95=0.00ms | net=0.0KB/s | entities players=0 npcs=512 cars=294 cops=32 drops=0
[metrics] tick p50=1.17ms p95=1.52ms | snapshotBuild p95=0.00ms | net=0.0KB/s | entities players=0 npcs=512 cars=294 cops=32 drops=0
[metrics] tick p50=1.18ms p95=1.56ms | snapshotBuild p95=0.00ms | net=0.0KB/s | entities players=0 npcs=512 cars=294 cops=32 drops=0
[metrics] tick p50=1.18ms p95=1.55ms | snapshotBuild p95=0.00ms | net=0.0KB/s | entities players=0 npcs=512 cars=294 cops=32 drops=0
[metrics] tick p50=1.19ms p95=1.55ms | snapshotBuild p95=0.00ms | net=0.0KB/s | entities players=0 npcs=512 cars=294 cops=32 drops=0
[metrics] tick p50=1.18ms p95=1.47ms | snapshotBuild p95=0.00ms | net=0.0KB/s | entities players=0 npcs=512 cars=294 cops=32 drops=0
[metrics] tick p50=1.18ms p95=1.55ms | snapshotBuild p95=0.00ms | net=0.0KB/s | entities players=0 npcs=512 cars=294 cops=32 drops=0
[metrics] tick p50=1.19ms p95=1.55ms | snapshotBuild p95=0.00ms | net=0.0KB/s | entities players=0 npcs=512 cars=294 cops=32 drops=0
[metrics] tick p50=1.19ms p95=1.57ms | snapshotBuild p95=0.00ms | net=0.0KB/s | entities players=0 npcs=512 cars=294 cops=32 drops=0
[metrics] tick p50=1.21ms p95=1.55ms | snapshotBuild p95=0.00ms | net=0.0KB/s | entities players=0 npcs=512 cars=294 cops=32 drops=0
[metrics] tick p50=1.20ms p95=1.51ms | snapshotBuild p95=0.00ms | net=0.0KB/s | entities players=0 npcs=512 cars=294 cops=32 drops=0
[metrics] tick p50=1.20ms p95=1.42ms | snapshotBuild p95=0.00ms | net=0.0KB/s | entities players=0 npcs=512 cars=294 cops=32 drops=0
[metrics] tick p50=1.20ms p95=1.42ms | snapshotBuild p95=0.00ms | net=0.0KB/s | entities players=0 npcs=512 cars=294 cops=32 drops=0
[metrics] tick p50=1.18ms p95=1.42ms | snapshotBuild p95=0.00ms | net=0.0KB/s | entities players=0 npcs=512 cars=294 cops=32 drops=0
[metrics] tick p50=1.17ms p95=1.44ms | snapshotBuild p95=0.00ms | net=0.0KB/s | entities players=0 npcs=512 cars=294 cops=32 drops=0
[metrics] tick p50=1.19ms p95=1.43ms | snapshotBuild p95=0.00ms | net=0.0KB/s | entities players=0 npcs=512 cars=294 cops=32 drops=0
[metrics] tick p50=1.19ms p95=1.38ms | snapshotBuild p95=0.00ms | net=0.0KB/s | entities players=0 npcs=512 cars=294 cops=32 drops=0
[metrics] tick p50=1.19ms p95=1.42ms | snapshotBuild p95=0.00ms | net=0.0KB/s | entities players=0 npcs=512 cars=294 cops=32 drops=0
[metrics] tick p50=1.18ms p95=1.44ms | snapshotBuild p95=0.00ms | net=0.0KB/s | entities players=0 npcs=512 cars=294 cops=32 drops=0
[metrics] tick p50=1.17ms p95=1.39ms | snapshotBuild p95=0.00ms | net=0.0KB/s | entities players=0 npcs=512 cars=294 cops=32 drops=0
[metrics] tick p50=1.14ms p95=1.42ms | snapshotBuild p95=0.00ms | net=0.0KB/s | entities players=0 npcs=512 cars=294 cops=32 drops=0
[metrics] tick p50=1.14ms p95=1.41ms | snapshotBuild p95=0.00ms | net=0.0KB/s | entities players=0 npcs=512 cars=294 cops=32 drops=0
[metrics] tick p50=1.14ms p95=1.41ms | snapshotBuild p95=0.00ms | net=0.0KB/s | entities players=0 npcs=512 cars=294 cops=32 drops=0
[metrics] tick p50=1.16ms p95=1.40ms | snapshotBuild p95=0.00ms | net=0.0KB/s | entities players=0 npcs=512 cars=294 cops=32 drops=0
[metrics] tick p50=1.18ms p95=3.07ms | snapshotBuild p95=0.00ms | net=0.0KB/s | entities players=0 npcs=512 cars=294 cops=32 drops=0
[metrics] tick p50=1.27ms p95=3.90ms | snapshotBuild p95=0.00ms | net=0.0KB/s | entities players=0 npcs=512 cars=294 cops=32 drops=0
[metrics] tick p50=3.16ms p95=5.09ms | snapshotBuild p95=0.54ms | net=259.4KB/s | entities players=1 npcs=512 cars=294 cops=32 drops=0
[metrics] tick p50=3.83ms p95=5.65ms | snapshotBuild p95=0.53ms | net=391.4KB/s | entities players=1 npcs=512 cars=294 cops=32 drops=2
[metrics] tick p50=4.10ms p95=5.61ms | snapshotBuild p95=0.53ms | net=349.6KB/s | entities players=1 npcs=512 cars=294 cops=32 drops=2
[metrics] tick p50=3.85ms p95=5.42ms | snapshotBuild p95=0.48ms | net=348.9KB/s | entities players=1 npcs=512 cars=294 cops=32 drops=3
[metrics] tick p50=3.99ms p95=5.18ms | snapshotBuild p95=0.44ms | net=343.6KB/s | entities players=1 npcs=512 cars=294 cops=32 drops=2
[metrics] tick p50=4.17ms p95=5.44ms | snapshotBuild p95=0.34ms | net=389.2KB/s | entities players=1 npcs=512 cars=294 cops=32 drops=3
[metrics] tick p50=4.32ms p95=5.79ms | snapshotBuild p95=0.26ms | net=405.7KB/s | entities players=1 npcs=512 cars=294 cops=32 drops=3
[metrics] tick p50=4.55ms p95=6.35ms | snapshotBuild p95=0.27ms | net=389.4KB/s | entities players=1 npcs=512 cars=294 cops=32 drops=4
[metrics] tick p50=4.26ms p95=6.35ms | snapshotBuild p95=0.26ms | net=368.4KB/s | entities players=1 npcs=512 cars=294 cops=32 drops=4
[metrics] tick p50=4.05ms p95=5.33ms | snapshotBuild p95=0.26ms | net=332.5KB/s | entities players=1 npcs=512 cars=294 cops=32 drops=5
[metrics] tick p50=4.24ms p95=5.50ms | snapshotBuild p95=0.26ms | net=395.6KB/s | entities players=1 npcs=512 cars=294 cops=32 drops=9
[metrics] tick p50=4.57ms p95=5.80ms | snapshotBuild p95=0.26ms | net=393.3KB/s | entities players=1 npcs=512 cars=294 cops=32 drops=11
[metrics] tick p50=4.41ms p95=5.72ms | snapshotBuild p95=0.21ms | net=376.2KB/s | entities players=1 npcs=512 cars=294 cops=32 drops=10
[metrics] tick p50=4.22ms p95=5.61ms | snapshotBuild p95=0.28ms | net=410.8KB/s | entities players=1 npcs=512 cars=294 cops=32 drops=9
[metrics] tick p50=3.97ms p95=5.43ms | snapshotBuild p95=0.25ms | net=411.4KB/s | entities players=1 npcs=512 cars=294 cops=32 drops=7
[metrics] tick p50=4.12ms p95=5.49ms | snapshotBuild p95=0.28ms | net=416.9KB/s | entities players=1 npcs=512 cars=294 cops=32 drops=8
[metrics] tick p50=4.01ms p95=5.51ms | snapshotBuild p95=0.28ms | net=411.7KB/s | entities players=1 npcs=512 cars=294 cops=32 drops=8
[metrics] tick p50=3.68ms p95=5.52ms | snapshotBuild p95=0.28ms | net=403.7KB/s | entities players=1 npcs=512 cars=294 cops=32 drops=5
[metrics] tick p50=3.84ms p95=5.62ms | snapshotBuild p95=0.22ms | net=399.9KB/s | entities players=1 npcs=512 cars=294 cops=32 drops=4
[metrics] tick p50=3.77ms p95=5.73ms | snapshotBuild p95=0.21ms | net=406.5KB/s | entities players=1 npcs=512 cars=294 cops=32 drops=2
[metrics] tick p50=3.86ms p95=5.81ms | snapshotBuild p95=0.19ms | net=418.3KB/s | entities players=1 npcs=512 cars=294 cops=32 drops=3
[metrics] tick p50=3.59ms p95=5.35ms | snapshotBuild p95=0.20ms | net=418.6KB/s | entities players=1 npcs=512 cars=294 cops=32 drops=4
[metrics] tick p50=3.67ms p95=5.81ms | snapshotBuild p95=0.20ms | net=417.2KB/s | entities players=1 npcs=512 cars=294 cops=32 drops=4
[metrics] tick p50=3.76ms p95=5.41ms | snapshotBuild p95=0.24ms | net=410.8KB/s | entities players=1 npcs=512 cars=294 cops=32 drops=7
[metrics] tick p50=3.89ms p95=5.50ms | snapshotBuild p95=0.24ms | net=427.7KB/s | entities players=1 npcs=512 cars=294 cops=32 drops=6
[metrics] tick p50=4.10ms p95=6.52ms | snapshotBuild p95=0.28ms | net=384.7KB/s | entities players=1 npcs=512 cars=294 cops=32 drops=3
